Using pre-set license
Built from '2020.3/staging' branch; Version is '2020.3.38f1 (8f5fde82e2dc) revision 9396190'; Using compiler version '192528614'; Build Type 'Release'
OS: 'Windows 10  (10.0.19045) 64bit Professional' Language: 'tr' Physical Memory: 32681 MB
BatchMode: 1, IsHumanControllingUs: 0, StartBugReporterOnCrash: 0, Is64bit: 1, IsPro: 0

COMMAND LINE ARGUMENTS:
C:\Program Files\Unity\Hub\Editor\2020.3.38f1\Editor\Unity.exe
-adb2
-batchMode
-noUpm
-name
AssetImportWorker0
-projectPath
C:/Users/Berke/ExcavateIt
-logFile
Logs/AssetImportWorker0.log
-srvPort
60661
Successfully changed project path to: C:/Users/Berke/ExcavateIt
C:/Users/Berke/ExcavateIt
Using Asset Import Pipeline V2.
Refreshing native plugins compatible for Editor in 69.40 ms, found 11 plugins.
Preloading 2 native plugins for Editor in 1.58 ms.
Initialize engine version: 2020.3.38f1 (8f5fde82e2dc)
[Subsystems] Discovering subsystems at path C:/Program Files/Unity/Hub/Editor/2020.3.38f1/Editor/Data/Resources/UnitySubsystems
[Subsystems] Discovering subsystems at path C:/Users/Berke/ExcavateIt/Assets
GfxDevice: creating device client; threaded=0
Direct3D:
    Version:  Direct3D 11.0 [level 11.1]
    Renderer: AMD Radeon RX 6900 XT (ID=0x73bf)
    Vendor:   
    VRAM:     16338 MB
    Driver:   31.0.14051.5006
Initialize mono
Mono path[0] = 'C:/Program Files/Unity/Hub/Editor/2020.3.38f1/Editor/Data/Managed'
Mono path[1] = 'C:/Program Files/Unity/Hub/Editor/2020.3.38f1/Editor/Data/MonoBleedingEdge/lib/mono/unityjit'
Mono config path = 'C:/Program Files/Unity/Hub/Editor/2020.3.38f1/Editor/Data/MonoBleedingEdge/etc'
Using monoOptions --debugger-agent=transport=dt_socket,embedding=1,server=y,suspend=n,address=127.0.0.1:56932
Begin MonoManager ReloadAssembly
Registering precompiled unity dll's ...
Register platform support module: C:/Program Files/Unity/Hub/Editor/2020.3.38f1/Editor/Data/PlaybackEngines/WebGLSupport/UnityEditor.WebGL.Extensions.dll
Register platform support module: C:/Program Files/Unity/Hub/Editor/2020.3.38f1/Editor/Data/PlaybackEngines/WindowsStandaloneSupport/UnityEditor.WindowsStandalone.Extensions.dll
Registered in 0.002332 seconds.
Native extension for WindowsStandalone target not found
Native extension for WebGL target not found
Refreshing native plugins compatible for Editor in 58.11 ms, found 11 plugins.
Preloading 2 native plugins for Editor in 0.12 ms.
Mono: successfully reloaded assembly
- Completed reload, in  0.464 seconds
Domain Reload Profiling:
	ReloadAssembly (464ms)
		BeginReloadAssembly (50ms)
			ExecutionOrderSort (0ms)
			DisableScriptedObjects (0ms)
			BackupInstance (0ms)
			ReleaseScriptingObjects (0ms)
			CreateAndSetChildDomain (1ms)
		EndReloadAssembly (361ms)
			LoadAssemblies (48ms)
			RebuildTransferFunctionScriptingTraits (0ms)
			SetupTypeCache (101ms)
			ReleaseScriptCaches (0ms)
			RebuildScriptCaches (20ms)
			SetupLoadedEditorAssemblies (157ms)
				LogAssemblyErrors (0ms)
				InitializePlatformSupportModulesInManaged (4ms)
				SetLoadedEditorAssemblies (0ms)
				RefreshPlugins (58ms)
				BeforeProcessingInitializeOnLoad (13ms)
				ProcessInitializeOnLoadAttributes (60ms)
				ProcessInitializeOnLoadMethodAttributes (21ms)
				AfterProcessingInitializeOnLoad (0ms)
				EditorAssembliesLoaded (0ms)
			ExecutionOrderSort2 (0ms)
			AwakeInstancesAfterBackupRestoration (0ms)
Platform modules already initialized, skipping
Registering precompiled user dll's ...
Registered in 0.008697 seconds.
Begin MonoManager ReloadAssembly
Native extension for WindowsStandalone target not found
Native extension for WebGL target not found
Refreshing native plugins compatible for Editor in 58.81 ms, found 11 plugins.
Preloading 2 native plugins for Editor in 0.16 ms.
[XR] OculusXRPlugin: registering subsystems
[XR] Unable to register display lifecyle provider: [1]
[XR] Oculus Input lifecycle provider registered.
[XR] Unable to register input lifecyle provider: [1]
System.Reflection.TargetInvocationException: Exception has been thrown by the target of an invocation. ---> System.NullReferenceException: Object reference not set to an instance of an object
  at Unity.XR.Oculus.OculusLoader.AssetPathToAbsolutePath (System.String assetPath) [0x00048] in C:\Users\Berke\ExcavateIt\Library\PackageCache\com.unity.xr.oculus@1.12.1\Runtime\OculusLoader.cs:265 
  at Unity.XR.Oculus.OculusLoader.EditorLoadOVRPlugin () [0x0007b] in C:\Users\Berke\ExcavateIt\Library\PackageCache\com.unity.xr.oculus@1.12.1\Runtime\OculusLoader.cs:250 
  at (wrapper managed-to-native) System.Reflection.MonoMethod.InternalInvoke(System.Reflection.MonoMethod,object,object[],System.Exception&)
  at System.Reflection.MonoMethod.Invoke (System.Object obj, System.Reflection.BindingFlags invokeAttr, System.Reflection.Binder binder, System.Object[] parameters, System.Globalization.CultureInfo culture) [0x00032] in <695d1cc93cca45069c528c15c9fdd749>:0 
   --- End of inner exception stack trace ---
  at System.Reflection.MonoMethod.Invoke (System.Object obj, System.Reflection.BindingFlags invokeAttr, System.Reflection.Binder binder, System.Object[] parameters, System.Globalization.CultureInfo culture) [0x00048] in <695d1cc93cca45069c528c15c9fdd749>:0 
  at System.Reflection.MethodBase.Invoke (System.Object obj, System.Object[] parameters) [0x00000] in <695d1cc93cca45069c528c15c9fdd749>:0 
  at UnityEditor.EditorAssemblies.ProcessInitializeOnLoadMethodAttributes () [0x00047] in <2e00be109d124bb98c380f10ba0e3cd4>:0 
UnityEngine.StackTraceUtility:ExtractStackTrace ()
UnityEngine.DebugLogHandler:LogFormat (UnityEngine.LogType,UnityEngine.Object,string,object[])
UnityEngine.Logger:Log (UnityEngine.LogType,object)
UnityEngine.Debug:LogError (object)
UnityEditor.EditorAssemblies:ProcessInitializeOnLoadMethodAttributes ()

Mono: successfully reloaded assembly
- Completed reload, in  0.973 seconds
Domain Reload Profiling:
	ReloadAssembly (974ms)
		BeginReloadAssembly (111ms)
			ExecutionOrderSort (0ms)
			DisableScriptedObjects (4ms)
			BackupInstance (0ms)
			ReleaseScriptingObjects (0ms)
			CreateAndSetChildDomain (15ms)
		EndReloadAssembly (817ms)
			LoadAssemblies (89ms)
			RebuildTransferFunctionScriptingTraits (0ms)
			SetupTypeCache (235ms)
			ReleaseScriptCaches (0ms)
			RebuildScriptCaches (42ms)
			SetupLoadedEditorAssemblies (371ms)
				LogAssemblyErrors (0ms)
				InitializePlatformSupportModulesInManaged (3ms)
				SetLoadedEditorAssemblies (0ms)
				RefreshPlugins (59ms)
				BeforeProcessingInitializeOnLoad (91ms)
				ProcessInitializeOnLoadAttributes (192ms)
				ProcessInitializeOnLoadMethodAttributes (19ms)
				AfterProcessingInitializeOnLoad (7ms)
				EditorAssembliesLoaded (0ms)
			ExecutionOrderSort2 (0ms)
			AwakeInstancesAfterBackupRestoration (1ms)
Platform modules already initialized, skipping
========================================================================
Worker process is ready to serve import requests
Launched and connected shader compiler UnityShaderCompiler.exe after 0.09 seconds
Refreshing native plugins compatible for Editor in 0.82 ms, found 11 plugins.
Preloading 2 native plugins for Editor in 0.12 ms.
Unloading 3988 Unused Serialized files (Serialized files now loaded: 0)
System memory in use before: 170.0 MB.
System memory in use after: 170.2 MB.

Unloading 23 unused Assets to reduce memory usage. Loaded Objects now: 4426.
Total: 3.403400 ms (FindLiveObjects: 0.275900 ms CreateObjectMapping: 0.150800 ms MarkObjects: 2.924500 ms  DeleteObjects: 0.051700 ms)

AssetImportParameters requested are different than current active one (requested -> active):
  custom:framework-win-MediaFoundation: 216162199b28c13a410421893ffa2e32 -> 
  custom:video-decoder-ogg-theora: a1e56fd34408186e4bbccfd4996cb3dc -> 
  custom:container-muxer-webm: aa71ff27fc2769a1b78a27578f13a17b -> 
  custom:container-demuxer-webm: 4f35f7cbe854078d1ac9338744f61a02 -> 
  custom:container-demuxer-ogg: 62fdf1f143b41e24485cea50d1cbac27 -> 
  custom:video-encoder-webm-vp8: eb34c28f22e8b96e1ab97ce403110664 -> 
  custom:video-decoder-webm-vp8: 9c59270c3fd7afecdb556c50c9e8de78 -> 
  custom:audio-decoder-ogg-vorbis: bf7c407c2cedff20999df2af8eb42d56 -> 
  custom:audio-encoder-webm-vorbis: bf7c407c2cedff20999df2af8eb42d56 -> 
========================================================================
Received Import Request.
  path: Assets/mirrorTxt.renderTexture
  artifactKey: Guid(447b7fd8cef826348bca6f14859935cc) Importer(815301076,1909f56bfc062723c751e8b465ee728b)
Start importing Assets/mirrorTxt.renderTexture using Guid(447b7fd8cef826348bca6f14859935cc) Importer(815301076,1909f56bfc062723c751e8b465ee728b)  -> (artifact id: 'be87315fb6240b8c8effa1f7aaaa0b23') in 0.064028 seconds 
========================================================================
Received Import Request.
  Time since last request: 0.000122 seconds.
  path: Assets/New Terrain.asset
  artifactKey: Guid(192f16ea224d74a40b1fa510c8f68566) Importer(815301076,1909f56bfc062723c751e8b465ee728b)
Start importing Assets/New Terrain.asset using Guid(192f16ea224d74a40b1fa510c8f68566) Importer(815301076,1909f56bfc062723c751e8b465ee728b)  -> (artifact id: 'dbbc4fd7ba724e61b15d7511c635b896') in 0.018309 seconds 
========================================================================
Received Import Request.
  Time since last request: 0.000101 seconds.
  path: Assets/headlight.png
  artifactKey: Guid(fe25563d3466de54db0b846dcfb9a3d2) Importer(815301076,1909f56bfc062723c751e8b465ee728b)
Start importing Assets/headlight.png using Guid(fe25563d3466de54db0b846dcfb9a3d2) Importer(815301076,1909f56bfc062723c751e8b465ee728b)  -> (artifact id: 'edc9a61faf0c6c856e66627b9d735fd4') in 0.043670 seconds 
========================================================================
Received Import Request.
  Time since last request: 0.000115 seconds.
  path: Assets/New Terrain 1.asset
  artifactKey: Guid(d35b976aeb9a68d47bbe7160ca215c2a) Importer(815301076,1909f56bfc062723c751e8b465ee728b)
Start importing Assets/New Terrain 1.asset using Guid(d35b976aeb9a68d47bbe7160ca215c2a) Importer(815301076,1909f56bfc062723c751e8b465ee728b)  -> (artifact id: '4e078822d2751f731e8a4d44e5d3aee5') in 0.015052 seconds 
========================================================================
Received Import Request.
  Time since last request: 0.000120 seconds.
  path: Assets/Readme.asset
  artifactKey: Guid(83c2ed844a8c74b779a4c823d16594b1) Importer(815301076,1909f56bfc062723c751e8b465ee728b)
Start importing Assets/Readme.asset using Guid(83c2ed844a8c74b779a4c823d16594b1) Importer(815301076,1909f56bfc062723c751e8b465ee728b)  -> (artifact id: '7c3b9f17ff219922461d349995487975') in 0.007976 seconds 
========================================================================
Received Import Request.
  Time since last request: 0.050455 seconds.
  path: Assets/Prefabs/DustCube.prefab
  artifactKey: Guid(10e3969b05a9b7043bcc20d2a70be8e0) Importer(815301076,1909f56bfc062723c751e8b465ee728b)
Start importing Assets/Prefabs/DustCube.prefab using Guid(10e3969b05a9b7043bcc20d2a70be8e0) Importer(815301076,1909f56bfc062723c751e8b465ee728b)  -> (artifact id: '66eb19c714af02575ad03533a6cd34d6') in 0.115529 seconds 
========================================================================
Received Import Request.
  Time since last request: 0.000115 seconds.
  path: Assets/Prefabs/TouchTarget.prefab
  artifactKey: Guid(f18c4ca085fa53c47b4bfa80e274f25b) Importer(815301076,1909f56bfc062723c751e8b465ee728b)
Start importing Assets/Prefabs/TouchTarget.prefab using Guid(f18c4ca085fa53c47b4bfa80e274f25b) Importer(815301076,1909f56bfc062723c751e8b465ee728b)  -> (artifact id: 'd6a72e07120a57e034720dd9b4aea716') in 0.034966 seconds 
========================================================================
Received Import Request.
  Time since last request: 0.000113 seconds.
  path: Assets/Prefabs/VRController.prefab
  artifactKey: Guid(ee73696e71caea74fb54f4b4e617639e) Importer(815301076,1909f56bfc062723c751e8b465ee728b)
Start importing Assets/Prefabs/VRController.prefab using Guid(ee73696e71caea74fb54f4b4e617639e) Importer(815301076,1909f56bfc062723c751e8b465ee728b)  -> (artifact id: '94f362c375a33add7f820996e6403f29') in 0.010704 seconds 
========================================================================
Received Import Request.
  Time since last request: 0.000113 seconds.
  path: Assets/Prefabs/rightTrack.prefab
  artifactKey: Guid(5cdbc55b12b5ec846b8558b06ffd6ab4) Importer(815301076,1909f56bfc062723c751e8b465ee728b)
Start importing Assets/Prefabs/rightTrack.prefab using Guid(5cdbc55b12b5ec846b8558b06ffd6ab4) Importer(815301076,1909f56bfc062723c751e8b465ee728b)  -> (artifact id: 'c9794a29f3d5743a064ee8cdbc260999') in 0.013720 seconds 
========================================================================
Received Import Request.
  Time since last request: 0.000129 seconds.
  path: Assets/Prefabs/throttleMinMax.prefab
  artifactKey: Guid(ed1d0fd598b9c354a8b7b79c28f89a24) Importer(815301076,1909f56bfc062723c751e8b465ee728b)
Start importing Assets/Prefabs/throttleMinMax.prefab using Guid(ed1d0fd598b9c354a8b7b79c28f89a24) Importer(815301076,1909f56bfc062723c751e8b465ee728b)  -> (artifact id: 'b16b6ebb2e0d63faa7f2f0e23a66bc89') in 0.012380 seconds 
========================================================================
Received Import Request.
  Time since last request: 0.000120 seconds.
  path: Assets/Prefabs/ExcavatorMoving_V3.3.prefab
  artifactKey: Guid(1096b65546d811e438e45fba5bec5078) Importer(815301076,1909f56bfc062723c751e8b465ee728b)
Start importing Assets/Prefabs/ExcavatorMoving_V3.3.prefab using Guid(1096b65546d811e438e45fba5bec5078) Importer(815301076,1909f56bfc062723c751e8b465ee728b)  -> (artifact id: 'ec58553efa0199ff089596803ef63800') in 0.268261 seconds 
========================================================================
Received Import Request.
  Time since last request: 0.000112 seconds.
  path: Assets/Prefabs/leftTrack.prefab
  artifactKey: Guid(36f1e3eae65e35341b4e589a9e99170b) Importer(815301076,1909f56bfc062723c751e8b465ee728b)
Start importing Assets/Prefabs/leftTrack.prefab using Guid(36f1e3eae65e35341b4e589a9e99170b) Importer(815301076,1909f56bfc062723c751e8b465ee728b)  -> (artifact id: '9375959109dfa9d9dc22054c48fdcc76') in 0.009366 seconds 
========================================================================
Received Import Request.
  Time since last request: 0.000111 seconds.
  path: Assets/Prefabs/UICanvas.prefab
  artifactKey: Guid(8a7cc961fa96f78428eb122ad706e674) Importer(815301076,1909f56bfc062723c751e8b465ee728b)
Start importing Assets/Prefabs/UICanvas.prefab using Guid(8a7cc961fa96f78428eb122ad706e674) Importer(815301076,1909f56bfc062723c751e8b465ee728b)  -> (artifact id: '227eaf05db969a77c91e726303689760') in 0.023833 seconds 
========================================================================
Received Import Request.
  Time since last request: 0.000121 seconds.
  path: Assets/Prefabs/PosTarget.prefab
  artifactKey: Guid(21a6ef0b557844547a8f89f8f8ff00a1) Importer(815301076,1909f56bfc062723c751e8b465ee728b)
Start importing Assets/Prefabs/PosTarget.prefab using Guid(21a6ef0b557844547a8f89f8f8ff00a1) Importer(815301076,1909f56bfc062723c751e8b465ee728b)  -> (artifact id: '6b115917ffaa8f4374aded3bb4d08d54') in 0.011929 seconds 
========================================================================
Received Import Request.
  Time since last request: 0.000145 seconds.
  path: Assets/Prefabs/DustParticle.prefab
  artifactKey: Guid(94410c10b3ccc264896340427a92f185) Importer(815301076,1909f56bfc062723c751e8b465ee728b)
Start importing Assets/Prefabs/DustParticle.prefab using Guid(94410c10b3ccc264896340427a92f185) Importer(815301076,1909f56bfc062723c751e8b465ee728b)  -> (artifact id: 'c615c8f9d5cb6b82e72a5ec3ea6700a3') in 0.010565 seconds 
========================================================================
Received Import Request.
  Time since last request: 0.000137 seconds.
  path: Assets/Prefabs/TrashCan.prefab
  artifactKey: Guid(43ce3f31ef9bf654696a8b149a7bb11b) Importer(815301076,1909f56bfc062723c751e8b465ee728b)
Start importing Assets/Prefabs/TrashCan.prefab using Guid(43ce3f31ef9bf654696a8b149a7bb11b) Importer(815301076,1909f56bfc062723c751e8b465ee728b)  -> (artifact id: '894d306c3fd2eb2a14484a12cf6b58d1') in 0.012273 seconds 
========================================================================
Received Import Request.
  Time since last request: 0.886866 seconds.
  path: Assets/Prefabs/FBX/bucketJoint.fbx
  artifactKey: Guid(2e52d7b711ed399469e2494aeef54bdc) Importer(815301076,1909f56bfc062723c751e8b465ee728b)
Start importing Assets/Prefabs/FBX/bucketJoint.fbx using Guid(2e52d7b711ed399469e2494aeef54bdc) Importer(815301076,1909f56bfc062723c751e8b465ee728b)  -> (artifact id: '2ba50966b6f860e8dd6862e0979e460c') in 0.165454 seconds 
========================================================================
Received Import Request.
  Time since last request: 0.000109 seconds.
  path: Assets/Prefabs/FBX/ExcavatorV3.3.fbx
  artifactKey: Guid(901da7c38ebb75e4bbe4c0363d2d5141) Importer(815301076,1909f56bfc062723c751e8b465ee728b)
Start importing Assets/Prefabs/FBX/ExcavatorV3.3.fbx using Guid(901da7c38ebb75e4bbe4c0363d2d5141) Importer(815301076,1909f56bfc062723c751e8b465ee728b)  -> (artifact id: '6e256c95591dd62cf32f2943dfa2dce1') in 0.208800 seconds 
========================================================================
Received Import Request.
  Time since last request: 0.000116 seconds.
  path: Assets/Prefabs/FBX/levelTutorialV1.2.fbx
  artifactKey: Guid(22727997d71aaab4791565dd2be392ec) Importer(815301076,1909f56bfc062723c751e8b465ee728b)
Start importing Assets/Prefabs/FBX/levelTutorialV1.2.fbx using Guid(22727997d71aaab4791565dd2be392ec) Importer(815301076,1909f56bfc062723c751e8b465ee728b)  -> (artifact id: 'd02a4013647b128ab0f4dde18c94aa5c') in 1.826184 seconds 
========================================================================
Received Import Request.
  Time since last request: 0.000158 seconds.
  path: Assets/Prefabs/FBX/levelTutorial_ForestDecreasedNumofTrees.fbx
  artifactKey: Guid(86dfc72599456184e9b27b2d255890b5) Importer(815301076,1909f56bfc062723c751e8b465ee728b)
Start importing Assets/Prefabs/FBX/levelTutorial_ForestDecreasedNumofTrees.fbx using Guid(86dfc72599456184e9b27b2d255890b5) Importer(815301076,1909f56bfc062723c751e8b465ee728b)  -> (artifact id: '3ffab81b637047aaaaa58e7bc4d14c85') in 0.089330 seconds 
========================================================================
Received Import Request.
  Time since last request: 0.000118 seconds.
  path: Assets/Prefabs/FBX/throttleMinMax.fbx
  artifactKey: Guid(ab2d5ac87cdf54f4a9652d8ba4bcc1bf) Importer(815301076,1909f56bfc062723c751e8b465ee728b)
Start importing Assets/Prefabs/FBX/throttleMinMax.fbx using Guid(ab2d5ac87cdf54f4a9652d8ba4bcc1bf) Importer(815301076,1909f56bfc062723c751e8b465ee728b)  -> (artifact id: 'ceaaf6cded6fac2f1e7da93ec0641203') in 0.014446 seconds 
